2026-06-16 10:52:30.006 [background-preinit] INFO  o.h.validator.internal.util.Version - HV000001: Hibernate Validator 8.0.3.Final
2026-06-16 10:52:30.040 [main] INFO  p.s.o.OrderManagementSystemApplication - Starting OrderManagementSystemApplication using Java 21.0.11 with PID 9899 (/home/samay.maheshwari/SPRINGBOOT/order-management-system/target/classes started by samay.maheshwari in /home/samay.maheshwari/SPRINGBOOT/order-management-system)
2026-06-16 10:52:30.041 [main] DEBUG p.s.o.OrderManagementSystemApplication - Running with Spring Boot v3.5.14, Spring v6.2.18
2026-06-16 10:52:30.041 [main] INFO  p.s.o.OrderManagementSystemApplication - No active profile set, falling back to 1 default profile: "default"
2026-06-16 10:52:30.501 [main] INFO  o.s.d.r.c.RepositoryConfigurationDelegate - Multiple Spring Data modules found, entering strict repository configuration mode
2026-06-16 10:52:30.502 [main] INFO  o.s.d.r.c.RepositoryConfigurationDelegate - Bootstrapping Spring Data Redis repositories in DEFAULT mode.
2026-06-16 10:52:30.518 [main] INFO  o.s.d.r.c.RepositoryConfigurationDelegate - Finished Spring Data repository scanning in 7 ms. Found 0 Redis repository interfaces.
2026-06-16 10:52:30.812 [main] INFO  o.s.b.w.embedded.tomcat.TomcatWebServer - Tomcat initialized with port 8080 (http)
2026-06-16 10:52:30.817 [main] INFO  o.apache.coyote.http11.Http11NioProtocol - Initializing ProtocolHandler ["http-nio-8080"]
2026-06-16 10:52:30.818 [main] INFO  o.apache.catalina.core.StandardService - Starting service [Tomcat]
2026-06-16 10:52:30.818 [main] INFO  org.apache.catalina.core.StandardEngine - Starting Servlet engine: [Apache Tomcat/10.1.54]
2026-06-16 10:52:30.837 [main] INFO  o.a.c.c.C.[Tomcat].[localhost].[/] - Initializing Spring embedded WebApplicationContext
2026-06-16 10:52:30.837 [main] INFO  o.s.b.w.s.c.ServletWebServerApplicationContext - Root WebApplicationContext: initialization completed in 772 ms
2026-06-16 10:52:31.030 [main] INFO  com.zaxxer.hikari.HikariDataSource - OrderManagementPool - Starting...
2026-06-16 10:52:31.168 [main] INFO  com.zaxxer.hikari.pool.HikariPool - OrderManagementPool - Added connection com.mysql.cj.jdbc.ConnectionImpl@2430cf17
2026-06-16 10:52:31.169 [main] INFO  com.zaxxer.hikari.HikariDataSource - OrderManagementPool - Start completed.
2026-06-16 10:52:31.205 [main] INFO  org.hibernate.Version - HHH000412: Hibernate ORM core version 6.6.49.Final
2026-06-16 10:52:31.254 [main] INFO  o.h.c.internal.RegionFactoryInitiator - HHH000026: Second-level cache disabled
2026-06-16 10:52:31.343 [main] WARN  org.hibernate.orm.deprecation - HHH90000025: MySQLDialect does not need to be specified explicitly using 'hibernate.dialect' (remove the property setting and it will be selected by default)
2026-06-16 10:52:31.354 [main] INFO  org.hibernate.orm.connections.pooling - HHH10001005: Database info:
	Database JDBC URL [Connecting through datasource 'HikariDataSource (OrderManagementPool)']
	Database driver: undefined/unknown
	Database version: 8.0.46
	Autocommit mode: undefined/unknown
	Isolation level: undefined/unknown
	Minimum pool size: undefined/unknown
	Maximum pool size: undefined/unknown
2026-06-16 10:52:31.357 [main] DEBUG o.h.t.descriptor.sql.spi.DdlTypeRegistry - addDescriptor(12, org.hibernate.type.descriptor.sql.internal.CapacityDependentDdlType@7944c323) replaced previous registration(org.hibernate.type.descriptor.sql.internal.CapacityDependentDdlType@637d111d)
2026-06-16 10:52:31.357 [main] DEBUG o.h.t.descriptor.sql.spi.DdlTypeRegistry - addDescriptor(-9, org.hibernate.type.descriptor.sql.internal.CapacityDependentDdlType@3a917017) replaced previous registration(org.hibernate.type.descriptor.sql.internal.CapacityDependentDdlType@1ed12d10)
2026-06-16 10:52:31.357 [main] DEBUG o.h.t.descriptor.sql.spi.DdlTypeRegistry - addDescriptor(-3, org.hibernate.type.descriptor.sql.internal.CapacityDependentDdlType@4153a832) replaced previous registration(org.hibernate.type.descriptor.sql.internal.CapacityDependentDdlType@4a2dbcfc)
2026-06-16 10:52:31.357 [main] DEBUG o.h.t.descriptor.sql.spi.DdlTypeRegistry - addDescriptor(4003, org.hibernate.type.descriptor.sql.internal.DdlTypeImpl@7b8d6c66) replaced previous registration(org.hibernate.type.descriptor.sql.internal.DdlTypeImpl@6ca367aa)
2026-06-16 10:52:31.357 [main] DEBUG o.h.t.descriptor.sql.spi.DdlTypeRegistry - addDescriptor(4001, org.hibernate.type.descriptor.sql.internal.DdlTypeImpl@30ed4034) replaced previous registration(org.hibernate.type.descriptor.sql.internal.DdlTypeImpl@1700d089)
2026-06-16 10:52:31.357 [main] DEBUG o.h.t.descriptor.sql.spi.DdlTypeRegistry - addDescriptor(4002, org.hibernate.type.descriptor.sql.internal.DdlTypeImpl@77e6053) replaced previous registration(org.hibernate.type.descriptor.sql.internal.DdlTypeImpl@7097d921)
2026-06-16 10:52:31.358 [main] DEBUG o.h.t.descriptor.sql.spi.DdlTypeRegistry - addDescriptor(2004, org.hibernate.type.descriptor.sql.internal.CapacityDependentDdlType@2a21cbe7) replaced previous registration(org.hibernate.type.descriptor.sql.internal.DdlTypeImpl@3bb4c2b2)
2026-06-16 10:52:31.358 [main] DEBUG o.h.t.descriptor.sql.spi.DdlTypeRegistry - addDescriptor(2005, org.hibernate.type.descriptor.sql.internal.CapacityDependentDdlType@4fbc516f) replaced previous registration(org.hibernate.type.descriptor.sql.internal.DdlTypeImpl@1acc768)
2026-06-16 10:52:31.358 [main] DEBUG o.h.t.descriptor.sql.spi.DdlTypeRegistry - addDescriptor(2011, org.hibernate.type.descriptor.sql.internal.CapacityDependentDdlType@25765a49) replaced previous registration(org.hibernate.type.descriptor.sql.internal.DdlTypeImpl@38caad07)
2026-06-16 10:52:31.914 [main] INFO  o.h.e.t.j.p.i.JtaPlatformInitiator - HHH000489: No JTA platform available (set 'hibernate.transaction.jta.platform' to enable JTA platform integration)
2026-06-16 10:52:31.947 [main] DEBUG org.hibernate.SQL - 
    alter table orders 
       modify column status enum ('CANCELLED','CONFIRMED','DELIVERED','PENDING','PROCESSING','SHIPPED') not null
2026-06-16 10:52:31.957 [main] DEBUG org.hibernate.SQL - 
    alter table payments 
       modify column payment_method enum ('CASH_ON_DELIVERY','CREDIT_CARD','DEBIT_CARD','NET_BANKING','UPI','WALLET') not null
2026-06-16 10:52:31.963 [main] DEBUG org.hibernate.SQL - 
    alter table payments 
       modify column status enum ('COMPLETED','FAILED','PENDING','REFUNDED') not null
2026-06-16 10:52:31.969 [main] DEBUG org.hibernate.SQL - 
    alter table shipments 
       modify column status enum ('DELIVERED','DISPATCHED','IN_TRANSIT','OUT_FOR_DELIVERY','PREPARING','RETURNED') not null
2026-06-16 10:52:31.975 [main] DEBUG org.hibernate.SQL - 
    alter table tracking_events 
       modify column status enum ('DELIVERED','DISPATCHED','IN_TRANSIT','OUT_FOR_DELIVERY','PREPARING','RETURNED')
2026-06-16 10:52:32.415 [main] INFO  o.apache.coyote.http11.Http11NioProtocol - Starting ProtocolHandler ["http-nio-8080"]
2026-06-16 10:52:32.424 [main] INFO  o.s.b.w.embedded.tomcat.TomcatWebServer - Tomcat started on port 8080 (http) with context path '/'
2026-06-16 10:52:32.448 [main] INFO  o.a.k.clients.consumer.ConsumerConfig - ConsumerConfig values: 
	allow.auto.create.topics = true
	auto.commit.interval.ms = 5000
	auto.include.jmx.reporter = true
	auto.offset.reset = earliest
	bootstrap.servers = [localhost:9092]
	check.crcs = true
	client.dns.lookup = use_all_dns_ips
	client.id = consumer-order-management-history-group-1
	client.rack = 
	connections.max.idle.ms = 540000
	default.api.timeout.ms = 60000
	enable.auto.commit = false
	enable.metrics.push = true
	exclude.internal.topics = true
	fetch.max.bytes = 52428800
	fetch.max.wait.ms = 500
	fetch.min.bytes = 1
	group.id = order-management-history-group
	group.instance.id = null
	group.protocol = classic
	group.remote.assignor = null
	heartbeat.interval.ms = 3000
	interceptor.classes = []
	internal.leave.group.on.close = true
	internal.throw.on.fetch.stable.offset.unsupported = false
	isolation.level = read_uncommitted
	key.deserializer = class org.apache.kafka.common.serialization.StringDeserializer
	max.partition.fetch.bytes = 1048576
	max.poll.interval.ms = 300000
	max.poll.records = 500
	metadata.max.age.ms = 300000
	metadata.recovery.strategy = none
	metric.reporters = []
	metrics.num.samples = 2
	metrics.recording.level = INFO
	metrics.sample.window.ms = 30000
	partition.assignment.strategy = [class org.apache.kafka.clients.consumer.RangeAssignor, class org.apache.kafka.clients.consumer.CooperativeStickyAssignor]
	receive.buffer.bytes = 65536
	reconnect.backoff.max.ms = 1000
	reconnect.backoff.ms = 50
	request.timeout.ms = 30000
	retry.backoff.max.ms = 1000
	retry.backoff.ms = 100
	sasl.client.callback.handler.class = null
	sasl.jaas.config = null
	sasl.kerberos.kinit.cmd = /usr/bin/kinit
	sasl.kerberos.min.time.before.relogin = 60000
	sasl.kerberos.service.name = null
	sasl.kerberos.ticket.renew.jitter = 0.05
	sasl.kerberos.ticket.renew.window.factor = 0.8
	sasl.login.callback.handler.class = null
	sasl.login.class = null
	sasl.login.connect.timeout.ms = null
	sasl.login.read.timeout.ms = null
	sasl.login.refresh.buffer.seconds = 300
	sasl.login.refresh.min.period.seconds = 60
	sasl.login.refresh.window.factor = 0.8
	sasl.login.refresh.window.jitter = 0.05
	sasl.login.retry.backoff.max.ms = 10000
	sasl.login.retry.backoff.ms = 100
	sasl.mechanism = GSSAPI
	sasl.oauthbearer.clock.skew.seconds = 30
	sasl.oauthbearer.expected.audience = null
	sasl.oauthbearer.expected.issuer = null
	sasl.oauthbearer.header.urlencode = false
	sasl.oauthbearer.jwks.endpoint.refresh.ms = 3600000
	sasl.oauthbearer.jwks.endpoint.retry.backoff.max.ms = 10000
	sasl.oauthbearer.jwks.endpoint.retry.backoff.ms = 100
	sasl.oauthbearer.jwks.endpoint.url = null
	sasl.oauthbearer.scope.claim.name = scope
	sasl.oauthbearer.sub.claim.name = sub
	sasl.oauthbearer.token.endpoint.url = null
	security.protocol = PLAINTEXT
	security.providers = null
	send.buffer.bytes = 131072
	session.timeout.ms = 45000
	socket.connection.setup.timeout.max.ms = 30000
	socket.connection.setup.timeout.ms = 10000
	ssl.cipher.suites = null
	ssl.enabled.protocols = [TLSv1.2, TLSv1.3]
	ssl.endpoint.identification.algorithm = https
	ssl.engine.factory.class = null
	ssl.key.password = null
	ssl.keymanager.algorithm = SunX509
	ssl.keystore.certificate.chain = null
	ssl.keystore.key = null
	ssl.keystore.location = null
	ssl.keystore.password = null
	ssl.keystore.type = JKS
	ssl.protocol = TLSv1.3
	ssl.provider = null
	ssl.secure.random.implementation = null
	ssl.trustmanager.algorithm = PKIX
	ssl.truststore.certificates = null
	ssl.truststore.location = null
	ssl.truststore.password = null
	ssl.truststore.type = JKS
	value.deserializer = class org.springframework.kafka.support.serializer.JsonDeserializer

2026-06-16 10:52:32.472 [main] INFO  o.a.k.c.t.i.KafkaMetricsCollector - initializing Kafka metrics collector
2026-06-16 10:52:32.510 [main] INFO  o.a.kafka.common.utils.AppInfoParser - Kafka version: 3.9.2
2026-06-16 10:52:32.510 [main] INFO  o.a.kafka.common.utils.AppInfoParser - Kafka commitId: 5e9866f43ab8e7e4
2026-06-16 10:52:32.510 [main] INFO  o.a.kafka.common.utils.AppInfoParser - Kafka startTimeMs: 1781587352509
2026-06-16 10:52:32.512 [main] INFO  o.a.k.c.c.internals.ClassicKafkaConsumer - [Consumer clientId=consumer-order-management-history-group-1, groupId=order-management-history-group] Subscribed to topic(s): history-events
2026-06-16 10:52:32.529 [main] INFO  p.s.o.OrderManagementSystemApplication - Started OrderManagementSystemApplication in 2.78 seconds (process running for 3.363)
2026-06-16 10:52:32.549 [main] INFO  p.s.o.config.DataSeeder - Checking if inventory needs seeding...
2026-06-16 10:52:32.549 [main] DEBUG p.s.o.dao.InventoryDaoImpl - DAO: Fetching all inventory records
2026-06-16 10:52:32.719 [main] DEBUG org.hibernate.SQL - 
    select
        i1_0.id,
        i1_0.available_quantity,
        i1_0.created_at,
        i1_0.product_code,
        i1_0.product_name,
        i1_0.reorder_level,
        i1_0.reserved_quantity,
        i1_0.unit_price,
        i1_0.updated_at 
    from
        inventory i1_0 
    order by
        i1_0.product_code
2026-06-16 10:52:32.750 [main] INFO  p.s.o.config.DataSeeder - Inventory already contains 1 items. Skipping seeding.
2026-06-16 10:52:32.800 [org.springframework.kafka.KafkaListenerEndpointContainer#0-0-C-1] WARN  org.apache.kafka.clients.NetworkClient - [Consumer clientId=consumer-order-management-history-group-1, groupId=order-management-history-group] The metadata response from the cluster reported a recoverable issue with correlation id 3 : {history-events=LEADER_NOT_AVAILABLE}
2026-06-16 10:52:32.802 [org.springframework.kafka.KafkaListenerEndpointContainer#0-0-C-1] INFO  org.apache.kafka.clients.Metadata - [Consumer clientId=consumer-order-management-history-group-1, groupId=order-management-history-group] Cluster ID: m9ASqVK_SLGgKpvHAXS0qw
2026-06-16 10:52:32.941 [org.springframework.kafka.KafkaListenerEndpointContainer#0-0-C-1] WARN  org.apache.kafka.clients.NetworkClient - [Consumer clientId=consumer-order-management-history-group-1, groupId=order-management-history-group] The metadata response from the cluster reported a recoverable issue with correlation id 7 : {history-events=LEADER_NOT_AVAILABLE}
2026-06-16 10:52:33.634 [org.springframework.kafka.KafkaListenerEndpointContainer#0-0-C-1] INFO  o.a.k.c.c.internals.ConsumerCoordinator - [Consumer clientId=consumer-order-management-history-group-1, groupId=order-management-history-group] Discovered group coordinator kap-Latitude-5440:9092 (id: 2147483647 rack: null)
2026-06-16 10:52:33.637 [org.springframework.kafka.KafkaListenerEndpointContainer#0-0-C-1] INFO  o.a.k.c.c.internals.ConsumerCoordinator - [Consumer clientId=consumer-order-management-history-group-1, groupId=order-management-history-group] (Re-)joining group
2026-06-16 10:52:33.672 [org.springframework.kafka.KafkaListenerEndpointContainer#0-0-C-1] INFO  o.a.k.c.c.internals.ConsumerCoordinator - [Consumer clientId=consumer-order-management-history-group-1, groupId=order-management-history-group] Request joining group due to: need to re-join with the given member-id: consumer-order-management-history-group-1-4eb1cfb3-ab45-4111-a08b-e072ca1878f2
2026-06-16 10:52:33.673 [org.springframework.kafka.KafkaListenerEndpointContainer#0-0-C-1] INFO  o.a.k.c.c.internals.ConsumerCoordinator - [Consumer clientId=consumer-order-management-history-group-1, groupId=order-management-history-group] (Re-)joining group
2026-06-16 10:52:33.702 [org.springframework.kafka.KafkaListenerEndpointContainer#0-0-C-1] INFO  o.a.k.c.c.internals.ConsumerCoordinator - [Consumer clientId=consumer-order-management-history-group-1, groupId=order-management-history-group] Successfully joined group with generation Generation{generationId=1, memberId='consumer-order-management-history-group-1-4eb1cfb3-ab45-4111-a08b-e072ca1878f2', protocol='range'}
2026-06-16 10:52:33.707 [org.springframework.kafka.KafkaListenerEndpointContainer#0-0-C-1] INFO  o.a.k.c.c.internals.ConsumerCoordinator - [Consumer clientId=consumer-order-management-history-group-1, groupId=order-management-history-group] Finished assignment for group at generation 1: {consumer-order-management-history-group-1-4eb1cfb3-ab45-4111-a08b-e072ca1878f2=Assignment(partitions=[history-events-0])}
2026-06-16 10:52:33.741 [org.springframework.kafka.KafkaListenerEndpointContainer#0-0-C-1] INFO  o.a.k.c.c.internals.ConsumerCoordinator - [Consumer clientId=consumer-order-management-history-group-1, groupId=order-management-history-group] Successfully synced group in generation Generation{generationId=1, memberId='consumer-order-management-history-group-1-4eb1cfb3-ab45-4111-a08b-e072ca1878f2', protocol='range'}
2026-06-16 10:52:33.741 [org.springframework.kafka.KafkaListenerEndpointContainer#0-0-C-1] INFO  o.a.k.c.c.internals.ConsumerCoordinator - [Consumer clientId=consumer-order-management-history-group-1, groupId=order-management-history-group] Notifying assignor about the new Assignment(partitions=[history-events-0])
2026-06-16 10:52:33.744 [org.springframework.kafka.KafkaListenerEndpointContainer#0-0-C-1] INFO  o.a.k.c.c.i.ConsumerRebalanceListenerInvoker - [Consumer clientId=consumer-order-management-history-group-1, groupId=order-management-history-group] Adding newly assigned partitions: history-events-0
2026-06-16 10:52:33.757 [org.springframework.kafka.KafkaListenerEndpointContainer#0-0-C-1] INFO  o.a.k.c.c.internals.ConsumerCoordinator - [Consumer clientId=consumer-order-management-history-group-1, groupId=order-management-history-group] Found no committed offset for partition history-events-0
2026-06-16 10:52:33.767 [org.springframework.kafka.KafkaListenerEndpointContainer#0-0-C-1] INFO  o.a.k.c.c.internals.SubscriptionState - [Consumer clientId=consumer-order-management-history-group-1, groupId=order-management-history-group] Resetting offset for partition history-events-0 to position FetchPosition{offset=0, offsetEpoch=Optional.empty, currentLeader=LeaderAndEpoch{leader=Optional[kap-Latitude-5440:9092 (id: 0 rack: null)], epoch=0}}.
2026-06-16 10:52:33.768 [org.springframework.kafka.KafkaListenerEndpointContainer#0-0-C-1] INFO  o.s.k.l.KafkaMessageListenerContainer - order-management-history-group: partitions assigned: [history-events-0]
2026-06-16 10:52:51.685 [http-nio-8080-exec-1] INFO  o.a.c.c.C.[Tomcat].[localhost].[/] - Initializing Spring DispatcherServlet 'dispatcherServlet'
2026-06-16 10:52:51.685 [http-nio-8080-exec-1] INFO  o.s.web.servlet.DispatcherServlet - Initializing Servlet 'dispatcherServlet'
2026-06-16 10:52:51.686 [http-nio-8080-exec-1] INFO  o.s.web.servlet.DispatcherServlet - Completed initialization in 1 ms
2026-06-16 10:52:52.472 [http-nio-8080-exec-3] INFO  o.springdoc.api.AbstractOpenApiResource - Init duration for springdoc-openapi is: 247 ms
2026-06-16 10:52:58.316 [http-nio-8080-exec-4] DEBUG p.s.o.controller.OrderController - GET /api/v1/orders
2026-06-16 10:52:58.318 [http-nio-8080-exec-4] DEBUG p.s.o.service.OrderServiceImpl - Fetching all orders
2026-06-16 10:52:58.505 [http-nio-8080-exec-4] DEBUG p.s.o.dao.OrderDaoImpl - DAO: Fetching all orders
2026-06-16 10:52:58.507 [http-nio-8080-exec-4] DEBUG org.hibernate.SQL - 
    select
        o1_0.id,
        o1_0.created_at,
        o1_0.customer_email,
        o1_0.customer_name,
        o1_0.customer_phone,
        o1_0.notes,
        o1_0.order_number,
        o1_0.product_code,
        o1_0.product_name,
        o1_0.quantity,
        o1_0.shipping_address,
        o1_0.status,
        o1_0.total_amount,
        o1_0.unit_price,
        o1_0.updated_at 
    from
        orders o1_0 
    order by
        o1_0.created_at desc
2026-06-16 10:54:57.393 [http-nio-8080-exec-6] INFO  p.s.o.controller.OrderController - POST /api/v1/orders – customer: kapturecrm@gmail.com
2026-06-16 10:54:57.394 [http-nio-8080-exec-6] INFO  p.s.o.service.OrderServiceImpl - Creating order for customer: kapturecrm@gmail.com | product: PROD-004
2026-06-16 10:54:57.395 [http-nio-8080-exec-6] DEBUG p.s.o.dao.InventoryDaoImpl - DAO: Finding inventory by product code: PROD-004
2026-06-16 10:54:57.404 [http-nio-8080-exec-6] DEBUG org.hibernate.SQL - 
    select
        i1_0.id,
        i1_0.available_quantity,
        i1_0.created_at,
        i1_0.product_code,
        i1_0.product_name,
        i1_0.reorder_level,
        i1_0.reserved_quantity,
        i1_0.unit_price,
        i1_0.updated_at 
    from
        inventory i1_0 
    where
        i1_0.product_code=?
2026-06-16 10:54:57.408 [http-nio-8080-exec-6] ERROR p.s.o.exception.GlobalExceptionHandler - Resource not found: Product not found in inventory: PROD-004
2026-06-16 10:59:42.208 [http-nio-8080-exec-8] INFO  p.s.o.controller.OrderController - POST /api/v1/orders – customer: kapturecrm@gmail.com
2026-06-16 10:59:42.209 [http-nio-8080-exec-8] INFO  p.s.o.service.OrderServiceImpl - Creating order for customer: kapturecrm@gmail.com | product: PROD-005
2026-06-16 10:59:42.210 [http-nio-8080-exec-8] DEBUG p.s.o.dao.InventoryDaoImpl - DAO: Finding inventory by product code: PROD-005
2026-06-16 10:59:42.211 [http-nio-8080-exec-8] DEBUG org.hibernate.SQL - 
    select
        i1_0.id,
        i1_0.available_quantity,
        i1_0.created_at,
        i1_0.product_code,
        i1_0.product_name,
        i1_0.reorder_level,
        i1_0.reserved_quantity,
        i1_0.unit_price,
        i1_0.updated_at 
    from
        inventory i1_0 
    where
        i1_0.product_code=?
2026-06-16 10:59:42.232 [http-nio-8080-exec-8] DEBUG org.hibernate.SQL - 
    insert 
    into
        orders
        (created_at, customer_email, customer_name, customer_phone, notes, order_number, product_code, product_name, quantity, shipping_address, status, total_amount, unit_price, updated_at) 
    values
        (?, ?, ?, ?, ?, ?, ?, ?, ?, ?, ?, ?, ?, ?)
2026-06-16 10:59:42.268 [http-nio-8080-exec-8] INFO  p.s.o.service.OrderServiceImpl - Order created successfully: ORD-1781587782218-6108 | Total: ₹24499.93
2026-06-16 10:59:42.278 [http-nio-8080-exec-8] DEBUG org.hibernate.SQL - 
    update
        inventory 
    set
        available_quantity=?,
        product_code=?,
        product_name=?,
        reorder_level=?,
        reserved_quantity=?,
        unit_price=?,
        updated_at=? 
    where
        id=?
2026-06-16 10:59:42.302 [http-nio-8080-exec-8] INFO  o.a.k.clients.producer.ProducerConfig - ProducerConfig values: 
	acks = -1
	auto.include.jmx.reporter = true
	batch.size = 16384
	bootstrap.servers = [localhost:9092]
	buffer.memory = 33554432
	client.dns.lookup = use_all_dns_ips
	client.id = order-management-system-producer-1
	compression.gzip.level = -1
	compression.lz4.level = 9
	compression.type = none
	compression.zstd.level = 3
	connections.max.idle.ms = 540000
	delivery.timeout.ms = 120000
	enable.idempotence = true
	enable.metrics.push = true
	interceptor.classes = []
	key.serializer = class org.apache.kafka.common.serialization.StringSerializer
	linger.ms = 0
	max.block.ms = 60000
	max.in.flight.requests.per.connection = 5
	max.request.size = 1048576
	metadata.max.age.ms = 300000
	metadata.max.idle.ms = 300000
	metadata.recovery.strategy = none
	metric.reporters = []
	metrics.num.samples = 2
	metrics.recording.level = INFO
	metrics.sample.window.ms = 30000
	partitioner.adaptive.partitioning.enable = true
	partitioner.availability.timeout.ms = 0
	partitioner.class = null
	partitioner.ignore.keys = false
	receive.buffer.bytes = 32768
	reconnect.backoff.max.ms = 1000
	reconnect.backoff.ms = 50
	request.timeout.ms = 30000
	retries = 2147483647
	retry.backoff.max.ms = 1000
	retry.backoff.ms = 100
	sasl.client.callback.handler.class = null
	sasl.jaas.config = null
	sasl.kerberos.kinit.cmd = /usr/bin/kinit
	sasl.kerberos.min.time.before.relogin = 60000
	sasl.kerberos.service.name = null
	sasl.kerberos.ticket.renew.jitter = 0.05
	sasl.kerberos.ticket.renew.window.factor = 0.8
	sasl.login.callback.handler.class = null
	sasl.login.class = null
	sasl.login.connect.timeout.ms = null
	sasl.login.read.timeout.ms = null
	sasl.login.refresh.buffer.seconds = 300
	sasl.login.refresh.min.period.seconds = 60
	sasl.login.refresh.window.factor = 0.8
	sasl.login.refresh.window.jitter = 0.05
	sasl.login.retry.backoff.max.ms = 10000
	sasl.login.retry.backoff.ms = 100
	sasl.mechanism = GSSAPI
	sasl.oauthbearer.clock.skew.seconds = 30
	sasl.oauthbearer.expected.audience = null
	sasl.oauthbearer.expected.issuer = null
	sasl.oauthbearer.header.urlencode = false
	sasl.oauthbearer.jwks.endpoint.refresh.ms = 3600000
	sasl.oauthbearer.jwks.endpoint.retry.backoff.max.ms = 10000
	sasl.oauthbearer.jwks.endpoint.retry.backoff.ms = 100
	sasl.oauthbearer.jwks.endpoint.url = null
	sasl.oauthbearer.scope.claim.name = scope
	sasl.oauthbearer.sub.claim.name = sub
	sasl.oauthbearer.token.endpoint.url = null
	security.protocol = PLAINTEXT
	security.providers = null
	send.buffer.bytes = 131072
	socket.connection.setup.timeout.max.ms = 30000
	socket.connection.setup.timeout.ms = 10000
	ssl.cipher.suites = null
	ssl.enabled.protocols = [TLSv1.2, TLSv1.3]
	ssl.endpoint.identification.algorithm = https
	ssl.engine.factory.class = null
	ssl.key.password = null
	ssl.keymanager.algorithm = SunX509
	ssl.keystore.certificate.chain = null
	ssl.keystore.key = null
	ssl.keystore.location = null
	ssl.keystore.password = null
	ssl.keystore.type = JKS
	ssl.protocol = TLSv1.3
	ssl.provider = null
	ssl.secure.random.implementation = null
	ssl.trustmanager.algorithm = PKIX
	ssl.truststore.certificates = null
	ssl.truststore.location = null
	ssl.truststore.password = null
	ssl.truststore.type = JKS
	transaction.timeout.ms = 60000
	transactional.id = null
	value.serializer = class org.springframework.kafka.support.serializer.JsonSerializer

2026-06-16 10:59:42.303 [http-nio-8080-exec-8] INFO  o.a.k.c.t.i.KafkaMetricsCollector - initializing Kafka metrics collector
2026-06-16 10:59:42.309 [http-nio-8080-exec-8] INFO  o.a.kafka.clients.producer.KafkaProducer - [Producer clientId=order-management-system-producer-1] Instantiated an idempotent producer.
2026-06-16 10:59:42.317 [http-nio-8080-exec-8] INFO  o.a.kafka.common.utils.AppInfoParser - Kafka version: 3.9.2
2026-06-16 10:59:42.317 [http-nio-8080-exec-8] INFO  o.a.kafka.common.utils.AppInfoParser - Kafka commitId: 5e9866f43ab8e7e4
2026-06-16 10:59:42.317 [http-nio-8080-exec-8] INFO  o.a.kafka.common.utils.AppInfoParser - Kafka startTimeMs: 1781587782317
2026-06-16 10:59:42.322 [kafka-producer-network-thread | order-management-system-producer-1] INFO  org.apache.kafka.clients.Metadata - [Producer clientId=order-management-system-producer-1] Cluster ID: m9ASqVK_SLGgKpvHAXS0qw
2026-06-16 10:59:42.339 [kafka-producer-network-thread | order-management-system-producer-1] INFO  o.a.k.c.p.internals.TransactionManager - [Producer clientId=order-management-system-producer-1] ProducerId set to 0 with epoch 0
2026-06-16 10:59:42.394 [org.springframework.kafka.KafkaListenerEndpointContainer#0-0-C-1] DEBUG org.hibernate.SQL - 
    insert 
    into
        history_records
        (action, created_at, event_payload, object_id, object_type) 
    values
        (?, ?, ?, ?, ?)
2026-06-16 10:59:42.400 [org.springframework.kafka.KafkaListenerEndpointContainer#0-0-C-1] DEBUG org.hibernate.SQL - 
    insert 
    into
        history_records
        (action, created_at, event_payload, object_id, object_type) 
    values
        (?, ?, ?, ?, ?)
2026-06-16 11:02:37.575 [org.springframework.kafka.KafkaListenerEndpointContainer#0-0-C-1] INFO  o.a.k.c.c.i.ConsumerRebalanceListenerInvoker - [Consumer clientId=consumer-order-management-history-group-1, groupId=order-management-history-group] Revoke previously assigned partitions history-events-0
2026-06-16 11:02:37.575 [org.springframework.kafka.KafkaListenerEndpointContainer#0-0-C-1] INFO  o.s.k.l.KafkaMessageListenerContainer - order-management-history-group: partitions revoked: [history-events-0]
2026-06-16 11:02:37.576 [org.springframework.kafka.KafkaListenerEndpointContainer#0-0-C-1] INFO  o.a.k.c.c.internals.ConsumerCoordinator - [Consumer clientId=consumer-order-management-history-group-1, groupId=order-management-history-group] Member consumer-order-management-history-group-1-4eb1cfb3-ab45-4111-a08b-e072ca1878f2 sending LeaveGroup request to coordinator kap-Latitude-5440:9092 (id: 2147483647 rack: null) due to the consumer unsubscribed from all topics
2026-06-16 11:02:37.576 [org.springframework.kafka.KafkaListenerEndpointContainer#0-0-C-1] INFO  o.a.k.c.c.internals.ConsumerCoordinator - [Consumer clientId=consumer-order-management-history-group-1, groupId=order-management-history-group] Resetting generation and member id due to: consumer pro-actively leaving the group
2026-06-16 11:02:37.577 [org.springframework.kafka.KafkaListenerEndpointContainer#0-0-C-1] INFO  o.a.k.c.c.internals.ConsumerCoordinator - [Consumer clientId=consumer-order-management-history-group-1, groupId=order-management-history-group] Request joining group due to: consumer pro-actively leaving the group
2026-06-16 11:02:37.577 [org.springframework.kafka.KafkaListenerEndpointContainer#0-0-C-1] INFO  o.a.k.c.c.internals.ClassicKafkaConsumer - [Consumer clientId=consumer-order-management-history-group-1, groupId=order-management-history-group] Unsubscribed all topics or patterns and assigned partitions
2026-06-16 11:02:37.579 [org.springframework.kafka.KafkaListenerEndpointContainer#0-0-C-1] INFO  o.a.k.c.c.internals.ConsumerCoordinator - [Consumer clientId=consumer-order-management-history-group-1, groupId=order-management-history-group] Resetting generation and member id due to: consumer pro-actively leaving the group
2026-06-16 11:02:37.579 [org.springframework.kafka.KafkaListenerEndpointContainer#0-0-C-1] INFO  o.a.k.c.c.internals.ConsumerCoordinator - [Consumer clientId=consumer-order-management-history-group-1, groupId=order-management-history-group] Request joining group due to: consumer pro-actively leaving the group
2026-06-16 11:02:37.755 [org.springframework.kafka.KafkaListenerEndpointContainer#0-0-C-1] INFO  org.apache.kafka.common.metrics.Metrics - Metrics scheduler closed
2026-06-16 11:02:37.755 [org.springframework.kafka.KafkaListenerEndpointContainer#0-0-C-1] INFO  org.apache.kafka.common.metrics.Metrics - Closing reporter org.apache.kafka.common.metrics.JmxReporter
2026-06-16 11:02:37.756 [org.springframework.kafka.KafkaListenerEndpointContainer#0-0-C-1] INFO  org.apache.kafka.common.metrics.Metrics - Closing reporter org.apache.kafka.common.telemetry.internals.ClientTelemetryReporter
2026-06-16 11:02:37.756 [org.springframework.kafka.KafkaListenerEndpointContainer#0-0-C-1] INFO  org.apache.kafka.common.metrics.Metrics - Metrics reporters closed
2026-06-16 11:02:37.764 [org.springframework.kafka.KafkaListenerEndpointContainer#0-0-C-1] INFO  o.a.kafka.common.utils.AppInfoParser - App info kafka.consumer for consumer-order-management-history-group-1 unregistered
2026-06-16 11:02:37.765 [org.springframework.kafka.KafkaListenerEndpointContainer#0-0-C-1] INFO  o.s.k.l.KafkaMessageListenerContainer - order-management-history-group: Consumer stopped
2026-06-16 11:02:37.768 [SpringApplicationShutdownHook] INFO  o.s.b.w.embedded.tomcat.GracefulShutdown - Commencing graceful shutdown. Waiting for active requests to complete
2026-06-16 11:02:37.772 [tomcat-shutdown] INFO  o.s.b.w.embedded.tomcat.GracefulShutdown - Graceful shutdown complete
2026-06-16 11:02:37.787 [SpringApplicationShutdownHook] INFO  o.a.kafka.clients.producer.KafkaProducer - [Producer clientId=order-management-system-producer-1] Closing the Kafka producer with timeoutMillis = 30000 ms.
2026-06-16 11:02:37.796 [SpringApplicationShutdownHook] INFO  org.apache.kafka.common.metrics.Metrics - Metrics scheduler closed
2026-06-16 11:02:37.796 [SpringApplicationShutdownHook] INFO  org.apache.kafka.common.metrics.Metrics - Closing reporter org.apache.kafka.common.metrics.JmxReporter
2026-06-16 11:02:37.797 [SpringApplicationShutdownHook] INFO  org.apache.kafka.common.metrics.Metrics - Closing reporter org.apache.kafka.common.telemetry.internals.ClientTelemetryReporter
2026-06-16 11:02:37.797 [SpringApplicationShutdownHook] INFO  org.apache.kafka.common.metrics.Metrics - Metrics reporters closed
2026-06-16 11:02:37.798 [SpringApplicationShutdownHook] INFO  o.a.kafka.common.utils.AppInfoParser - App info kafka.producer for order-management-system-producer-1 unregistered
2026-06-16 11:02:37.804 [SpringApplicationShutdownHook] INFO  com.zaxxer.hikari.HikariDataSource - OrderManagementPool - Shutdown initiated...
2026-06-16 11:02:37.806 [SpringApplicationShutdownHook] INFO  com.zaxxer.hikari.HikariDataSource - OrderManagementPool - Shutdown completed.
2026-06-16 11:08:31.781 [background-preinit] INFO  o.h.validator.internal.util.Version - HV000001: Hibernate Validator 8.0.3.Final
2026-06-16 11:08:31.802 [main] INFO  p.s.o.OrderManagementSystemApplication - Starting OrderManagementSystemApplication using Java 21.0.11 with PID 11332 (/home/samay.maheshwari/SPRINGBOOT/order-management-system/target/classes started by samay.maheshwari in /home/samay.maheshwari/SPRINGBOOT/order-management-system)
2026-06-16 11:08:31.802 [main] DEBUG p.s.o.OrderManagementSystemApplication - Running with Spring Boot v3.5.14, Spring v6.2.18
2026-06-16 11:08:31.803 [main] INFO  p.s.o.OrderManagementSystemApplication - No active profile set, falling back to 1 default profile: "default"
2026-06-16 11:08:32.243 [main] INFO  o.s.d.r.c.RepositoryConfigurationDelegate - Multiple Spring Data modules found, entering strict repository configuration mode
2026-06-16 11:08:32.244 [main] INFO  o.s.d.r.c.RepositoryConfigurationDelegate - Bootstrapping Spring Data Redis repositories in DEFAULT mode.
2026-06-16 11:08:32.260 [main] INFO  o.s.d.r.c.RepositoryConfigurationDelegate - Finished Spring Data repository scanning in 8 ms. Found 0 Redis repository interfaces.
2026-06-16 11:08:32.562 [main] INFO  o.s.b.w.embedded.tomcat.TomcatWebServer - Tomcat initialized with port 8080 (http)
2026-06-16 11:08:32.568 [main] INFO  o.apache.coyote.http11.Http11NioProtocol - Initializing ProtocolHandler ["http-nio-8080"]
2026-06-16 11:08:32.569 [main] INFO  o.apache.catalina.core.StandardService - Starting service [Tomcat]
2026-06-16 11:08:32.569 [main] INFO  org.apache.catalina.core.StandardEngine - Starting Servlet engine: [Apache Tomcat/10.1.54]
2026-06-16 11:08:32.597 [main] INFO  o.a.c.c.C.[Tomcat].[localhost].[/] - Initializing Spring embedded WebApplicationContext
2026-06-16 11:08:32.597 [main] INFO  o.s.b.w.s.c.ServletWebServerApplicationContext - Root WebApplicationContext: initialization completed in 773 ms
2026-06-16 11:08:32.765 [main] INFO  com.zaxxer.hikari.HikariDataSource - OrderManagementPool - Starting...
2026-06-16 11:08:32.853 [main] INFO  com.zaxxer.hikari.pool.HikariPool - OrderManagementPool - Added connection com.mysql.cj.jdbc.ConnectionImpl@2e0fdc83
2026-06-16 11:08:32.854 [main] INFO  com.zaxxer.hikari.HikariDataSource - OrderManagementPool - Start completed.
2026-06-16 11:08:32.879 [main] INFO  org.hibernate.Version - HHH000412: Hibernate ORM core version 6.6.49.Final
2026-06-16 11:08:32.898 [main] INFO  o.h.c.internal.RegionFactoryInitiator - HHH000026: Second-level cache disabled
2026-06-16 11:08:32.960 [main] WARN  org.hibernate.orm.deprecation - HHH90000025: MySQLDialect does not need to be specified explicitly using 'hibernate.dialect' (remove the property setting and it will be selected by default)
2026-06-16 11:08:32.968 [main] INFO  org.hibernate.orm.connections.pooling - HHH10001005: Database info:
	Database JDBC URL [Connecting through datasource 'HikariDataSource (OrderManagementPool)']
	Database driver: undefined/unknown
	Database version: 8.0.46
	Autocommit mode: undefined/unknown
	Isolation level: undefined/unknown
	Minimum pool size: undefined/unknown
	Maximum pool size: undefined/unknown
2026-06-16 11:08:32.971 [main] DEBUG o.h.t.descriptor.sql.spi.DdlTypeRegistry - addDescriptor(12, org.hibernate.type.descriptor.sql.internal.CapacityDependentDdlType@7074da1d) replaced previous registration(org.hibernate.type.descriptor.sql.internal.CapacityDependentDdlType@5bdb6ea8)
2026-06-16 11:08:32.971 [main] DEBUG o.h.t.descriptor.sql.spi.DdlTypeRegistry - addDescriptor(-9, org.hibernate.type.descriptor.sql.internal.CapacityDependentDdlType@3e55eeb9) replaced previous registration(org.hibernate.type.descriptor.sql.internal.CapacityDependentDdlType@44a13699)
2026-06-16 11:08:32.971 [main] DEBUG o.h.t.descriptor.sql.spi.DdlTypeRegistry - addDescriptor(-3, org.hibernate.type.descriptor.sql.internal.CapacityDependentDdlType@1253b822) replaced previous registration(org.hibernate.type.descriptor.sql.internal.CapacityDependentDdlType@127d2aee)
2026-06-16 11:08:32.971 [main] DEBUG o.h.t.descriptor.sql.spi.DdlTypeRegistry - addDescriptor(4003, org.hibernate.type.descriptor.sql.internal.DdlTypeImpl@3cc2e3e) replaced previous registration(org.hibernate.type.descriptor.sql.internal.DdlTypeImpl@4e14d520)
2026-06-16 11:08:32.971 [main] DEBUG o.h.t.descriptor.sql.spi.DdlTypeRegistry - addDescriptor(4001, org.hibernate.type.descriptor.sql.internal.DdlTypeImpl@4189e668) replaced previous registration(org.hibernate.type.descriptor.sql.internal.DdlTypeImpl@3a589eed)
2026-06-16 11:08:32.971 [main] DEBUG o.h.t.descriptor.sql.spi.DdlTypeRegistry - addDescriptor(4002, org.hibernate.type.descriptor.sql.internal.DdlTypeImpl@5807ea46) replaced previous registration(org.hibernate.type.descriptor.sql.internal.DdlTypeImpl@305289b3)
2026-06-16 11:08:32.971 [main] DEBUG o.h.t.descriptor.sql.spi.DdlTypeRegistry - addDescriptor(2004, org.hibernate.type.descriptor.sql.internal.CapacityDependentDdlType@3ee68377) replaced previous registration(org.hibernate.type.descriptor.sql.internal.DdlTypeImpl@4037cdb0)
2026-06-16 11:08:32.971 [main] DEBUG o.h.t.descriptor.sql.spi.DdlTypeRegistry - addDescriptor(2005, org.hibernate.type.descriptor.sql.internal.CapacityDependentDdlType@27055a2a) replaced previous registration(org.hibernate.type.descriptor.sql.internal.DdlTypeImpl@33e4068)
2026-06-16 11:08:32.971 [main] DEBUG o.h.t.descriptor.sql.spi.DdlTypeRegistry - addDescriptor(2011, org.hibernate.type.descriptor.sql.internal.CapacityDependentDdlType@9499643) replaced previous registration(org.hibernate.type.descriptor.sql.internal.DdlTypeImpl@776d8097)
2026-06-16 11:08:33.496 [main] INFO  o.h.e.t.j.p.i.JtaPlatformInitiator - HHH000489: No JTA platform available (set 'hibernate.transaction.jta.platform' to enable JTA platform integration)
2026-06-16 11:08:33.524 [main] DEBUG org.hibernate.SQL - 
    alter table orders 
       modify column status enum ('CANCELLED','CONFIRMED','DELIVERED','PENDING','PROCESSING','SHIPPED') not null
2026-06-16 11:08:33.531 [main] DEBUG org.hibernate.SQL - 
    alter table payments 
       modify column payment_method enum ('CASH_ON_DELIVERY','CREDIT_CARD','DEBIT_CARD','NET_BANKING','UPI','WALLET') not null
2026-06-16 11:08:33.536 [main] DEBUG org.hibernate.SQL - 
    alter table payments 
       modify column status enum ('COMPLETED','FAILED','PENDING','REFUNDED') not null
2026-06-16 11:08:33.542 [main] DEBUG org.hibernate.SQL - 
    alter table shipments 
       modify column status enum ('DELIVERED','DISPATCHED','IN_TRANSIT','OUT_FOR_DELIVERY','PREPARING','RETURNED') not null
2026-06-16 11:08:33.551 [main] DEBUG org.hibernate.SQL - 
    alter table tracking_events 
       modify column status enum ('DELIVERED','DISPATCHED','IN_TRANSIT','OUT_FOR_DELIVERY','PREPARING','RETURNED')
2026-06-16 11:08:33.992 [main] INFO  o.apache.coyote.http11.Http11NioProtocol - Starting ProtocolHandler ["http-nio-8080"]
2026-06-16 11:08:33.999 [main] INFO  o.s.b.w.embedded.tomcat.TomcatWebServer - Tomcat started on port 8080 (http) with context path '/'
2026-06-16 11:08:34.017 [main] INFO  o.a.k.clients.consumer.ConsumerConfig - ConsumerConfig values: 
	allow.auto.create.topics = true
	auto.commit.interval.ms = 5000
	auto.include.jmx.reporter = true
	auto.offset.reset = earliest
	bootstrap.servers = [localhost:9092]
	check.crcs = true
	client.dns.lookup = use_all_dns_ips
	client.id = consumer-order-management-history-group-1
	client.rack = 
	connections.max.idle.ms = 540000
	default.api.timeout.ms = 60000
	enable.auto.commit = false
	enable.metrics.push = true
	exclude.internal.topics = true
	fetch.max.bytes = 52428800
	fetch.max.wait.ms = 500
	fetch.min.bytes = 1
	group.id = order-management-history-group
	group.instance.id = null
	group.protocol = classic
	group.remote.assignor = null
	heartbeat.interval.ms = 3000
	interceptor.classes = []
	internal.leave.group.on.close = true
	internal.throw.on.fetch.stable.offset.unsupported = false
	isolation.level = read_uncommitted
	key.deserializer = class org.apache.kafka.common.serialization.StringDeserializer
	max.partition.fetch.bytes = 1048576
	max.poll.interval.ms = 300000
	max.poll.records = 500
	metadata.max.age.ms = 300000
	metadata.recovery.strategy = none
	metric.reporters = []
	metrics.num.samples = 2
	metrics.recording.level = INFO
	metrics.sample.window.ms = 30000
	partition.assignment.strategy = [class org.apache.kafka.clients.consumer.RangeAssignor, class org.apache.kafka.clients.consumer.CooperativeStickyAssignor]
	receive.buffer.bytes = 65536
	reconnect.backoff.max.ms = 1000
	reconnect.backoff.ms = 50
	request.timeout.ms = 30000
	retry.backoff.max.ms = 1000
	retry.backoff.ms = 100
	sasl.client.callback.handler.class = null
	sasl.jaas.config = null
	sasl.kerberos.kinit.cmd = /usr/bin/kinit
	sasl.kerberos.min.time.before.relogin = 60000
	sasl.kerberos.service.name = null
	sasl.kerberos.ticket.renew.jitter = 0.05
	sasl.kerberos.ticket.renew.window.factor = 0.8
	sasl.login.callback.handler.class = null
	sasl.login.class = null
	sasl.login.connect.timeout.ms = null
	sasl.login.read.timeout.ms = null
	sasl.login.refresh.buffer.seconds = 300
	sasl.login.refresh.min.period.seconds = 60
	sasl.login.refresh.window.factor = 0.8
	sasl.login.refresh.window.jitter = 0.05
	sasl.login.retry.backoff.max.ms = 10000
	sasl.login.retry.backoff.ms = 100
	sasl.mechanism = GSSAPI
	sasl.oauthbearer.clock.skew.seconds = 30
	sasl.oauthbearer.expected.audience = null
	sasl.oauthbearer.expected.issuer = null
	sasl.oauthbearer.header.urlencode = false
	sasl.oauthbearer.jwks.endpoint.refresh.ms = 3600000
	sasl.oauthbearer.jwks.endpoint.retry.backoff.max.ms = 10000
	sasl.oauthbearer.jwks.endpoint.retry.backoff.ms = 100
	sasl.oauthbearer.jwks.endpoint.url = null
	sasl.oauthbearer.scope.claim.name = scope
	sasl.oauthbearer.sub.claim.name = sub
	sasl.oauthbearer.token.endpoint.url = null
	security.protocol = PLAINTEXT
	security.providers = null
	send.buffer.bytes = 131072
	session.timeout.ms = 45000
	socket.connection.setup.timeout.max.ms = 30000
	socket.connection.setup.timeout.ms = 10000
	ssl.cipher.suites = null
	ssl.enabled.protocols = [TLSv1.2, TLSv1.3]
	ssl.endpoint.identification.algorithm = https
	ssl.engine.factory.class = null
	ssl.key.password = null
	ssl.keymanager.algorithm = SunX509
	ssl.keystore.certificate.chain = null
	ssl.keystore.key = null
	ssl.keystore.location = null
	ssl.keystore.password = null
	ssl.keystore.type = JKS
	ssl.protocol = TLSv1.3
	ssl.provider = null
	ssl.secure.random.implementation = null
	ssl.trustmanager.algorithm = PKIX
	ssl.truststore.certificates = null
	ssl.truststore.location = null
	ssl.truststore.password = null
	ssl.truststore.type = JKS
	value.deserializer = class org.springframework.kafka.support.serializer.JsonDeserializer

2026-06-16 11:08:34.038 [main] INFO  o.a.k.c.t.i.KafkaMetricsCollector - initializing Kafka metrics collector
2026-06-16 11:08:34.072 [main] INFO  o.a.kafka.common.utils.AppInfoParser - Kafka version: 3.9.2
2026-06-16 11:08:34.072 [main] INFO  o.a.kafka.common.utils.AppInfoParser - Kafka commitId: 5e9866f43ab8e7e4
2026-06-16 11:08:34.072 [main] INFO  o.a.kafka.common.utils.AppInfoParser - Kafka startTimeMs: 1781588314071
2026-06-16 11:08:34.073 [main] INFO  o.a.k.c.c.internals.ClassicKafkaConsumer - [Consumer clientId=consumer-order-management-history-group-1, groupId=order-management-history-group] Subscribed to topic(s): history-events
2026-06-16 11:08:34.082 [main] INFO  p.s.o.OrderManagementSystemApplication - Started OrderManagementSystemApplication in 2.465 seconds (process running for 2.894)
2026-06-16 11:08:34.103 [main] INFO  p.s.o.config.DataSeeder - Checking inventory and seeding missing products...
2026-06-16 11:08:34.267 [main] DEBUG org.hibernate.SQL - 
    select
        count(i1_0.id) 
    from
        inventory i1_0 
    where
        i1_0.product_code=?
2026-06-16 11:08:34.281 [org.springframework.kafka.KafkaListenerEndpointContainer#0-0-C-1] INFO  org.apache.kafka.clients.Metadata - [Consumer clientId=consumer-order-management-history-group-1, groupId=order-management-history-group] Cluster ID: m9ASqVK_SLGgKpvHAXS0qw
2026-06-16 11:08:34.281 [org.springframework.kafka.KafkaListenerEndpointContainer#0-0-C-1] INFO  o.a.k.c.c.internals.ConsumerCoordinator - [Consumer clientId=consumer-order-management-history-group-1, groupId=order-management-history-group] Discovered group coordinator kap-Latitude-5440:9092 (id: 2147483647 rack: null)
2026-06-16 11:08:34.284 [org.springframework.kafka.KafkaListenerEndpointContainer#0-0-C-1] INFO  o.a.k.c.c.internals.ConsumerCoordinator - [Consumer clientId=consumer-order-management-history-group-1, groupId=order-management-history-group] (Re-)joining group
2026-06-16 11:08:34.292 [main] DEBUG org.hibernate.SQL - 
    insert 
    into
        inventory
        (available_quantity, created_at, product_code, product_name, reorder_level, reserved_quantity, unit_price, updated_at) 
    values
        (?, ?, ?, ?, ?, ?, ?, ?)
2026-06-16 11:08:34.298 [org.springframework.kafka.KafkaListenerEndpointContainer#0-0-C-1] INFO  o.a.k.c.c.internals.ConsumerCoordinator - [Consumer clientId=consumer-order-management-history-group-1, groupId=order-management-history-group] Request joining group due to: need to re-join with the given member-id: consumer-order-management-history-group-1-c6527f1d-476d-4d16-a439-e4750e0a8e86
2026-06-16 11:08:34.298 [org.springframework.kafka.KafkaListenerEndpointContainer#0-0-C-1] INFO  o.a.k.c.c.internals.ConsumerCoordinator - [Consumer clientId=consumer-order-management-history-group-1, groupId=order-management-history-group] (Re-)joining group
2026-06-16 11:08:34.302 [org.springframework.kafka.KafkaListenerEndpointContainer#0-0-C-1] INFO  o.a.k.c.c.internals.ConsumerCoordinator - [Consumer clientId=consumer-order-management-history-group-1, groupId=order-management-history-group] Successfully joined group with generation Generation{generationId=3, memberId='consumer-order-management-history-group-1-c6527f1d-476d-4d16-a439-e4750e0a8e86', protocol='range'}
2026-06-16 11:08:34.305 [main] INFO  p.s.o.config.DataSeeder - Inserted product: PROD-001
2026-06-16 11:08:34.307 [org.springframework.kafka.KafkaListenerEndpointContainer#0-0-C-1] INFO  o.a.k.c.c.internals.ConsumerCoordinator - [Consumer clientId=consumer-order-management-history-group-1, groupId=order-management-history-group] Finished assignment for group at generation 3: {consumer-order-management-history-group-1-c6527f1d-476d-4d16-a439-e4750e0a8e86=Assignment(partitions=[history-events-0])}
2026-06-16 11:08:34.308 [main] DEBUG org.hibernate.SQL - 
    select
        count(i1_0.id) 
    from
        inventory i1_0 
    where
        i1_0.product_code=?
2026-06-16 11:08:34.309 [main] DEBUG org.hibernate.SQL - 
    insert 
    into
        inventory
        (available_quantity, created_at, product_code, product_name, reorder_level, reserved_quantity, unit_price, updated_at) 
    values
        (?, ?, ?, ?, ?, ?, ?, ?)
2026-06-16 11:08:34.310 [main] INFO  p.s.o.config.DataSeeder - Inserted product: PROD-002
2026-06-16 11:08:34.311 [main] DEBUG org.hibernate.SQL - 
    select
        count(i1_0.id) 
    from
        inventory i1_0 
    where
        i1_0.product_code=?
2026-06-16 11:08:34.313 [main] DEBUG org.hibernate.SQL - 
    insert 
    into
        inventory
        (available_quantity, created_at, product_code, product_name, reorder_level, reserved_quantity, unit_price, updated_at) 
    values
        (?, ?, ?, ?, ?, ?, ?, ?)
2026-06-16 11:08:34.313 [org.springframework.kafka.KafkaListenerEndpointContainer#0-0-C-1] INFO  o.a.k.c.c.internals.ConsumerCoordinator - [Consumer clientId=consumer-order-management-history-group-1, groupId=order-management-history-group] Successfully synced group in generation Generation{generationId=3, memberId='consumer-order-management-history-group-1-c6527f1d-476d-4d16-a439-e4750e0a8e86', protocol='range'}
2026-06-16 11:08:34.314 [main] INFO  p.s.o.config.DataSeeder - Inserted product: PROD-003
2026-06-16 11:08:34.314 [org.springframework.kafka.KafkaListenerEndpointContainer#0-0-C-1] INFO  o.a.k.c.c.internals.ConsumerCoordinator - [Consumer clientId=consumer-order-management-history-group-1, groupId=order-management-history-group] Notifying assignor about the new Assignment(partitions=[history-events-0])
2026-06-16 11:08:34.314 [main] DEBUG org.hibernate.SQL - 
    select
        count(i1_0.id) 
    from
        inventory i1_0 
    where
        i1_0.product_code=?
2026-06-16 11:08:34.315 [main] DEBUG org.hibernate.SQL - 
    insert 
    into
        inventory
        (available_quantity, created_at, product_code, product_name, reorder_level, reserved_quantity, unit_price, updated_at) 
    values
        (?, ?, ?, ?, ?, ?, ?, ?)
2026-06-16 11:08:34.316 [org.springframework.kafka.KafkaListenerEndpointContainer#0-0-C-1] INFO  o.a.k.c.c.i.ConsumerRebalanceListenerInvoker - [Consumer clientId=consumer-order-management-history-group-1, groupId=order-management-history-group] Adding newly assigned partitions: history-events-0
2026-06-16 11:08:34.316 [main] INFO  p.s.o.config.DataSeeder - Inserted product: PROD-004
2026-06-16 11:08:34.318 [main] DEBUG org.hibernate.SQL - 
    select
        count(i1_0.id) 
    from
        inventory i1_0 
    where
        i1_0.product_code=?
2026-06-16 11:08:34.318 [main] INFO  p.s.o.config.DataSeeder - Product already exists: PROD-005
2026-06-16 11:08:34.319 [main] INFO  p.s.o.config.DataSeeder - Inventory seeding completed.
2026-06-16 11:08:34.324 [org.springframework.kafka.KafkaListenerEndpointContainer#0-0-C-1] INFO  o.a.k.c.consumer.internals.ConsumerUtils - Setting offset for partition history-events-0 to the committed offset FetchPosition{offset=2, offsetEpoch=Optional.empty, currentLeader=LeaderAndEpoch{leader=Optional[kap-Latitude-5440:9092 (id: 0 rack: null)], epoch=0}}
2026-06-16 11:08:34.325 [org.springframework.kafka.KafkaListenerEndpointContainer#0-0-C-1] INFO  o.s.k.l.KafkaMessageListenerContainer - order-management-history-group: partitions assigned: [history-events-0]
2026-06-16 11:23:59.112 [org.springframework.kafka.KafkaListenerEndpointContainer#0-0-C-1] INFO  o.a.k.c.c.i.ConsumerRebalanceListenerInvoker - [Consumer clientId=consumer-order-management-history-group-1, groupId=order-management-history-group] Revoke previously assigned partitions history-events-0
2026-06-16 11:23:59.112 [org.springframework.kafka.KafkaListenerEndpointContainer#0-0-C-1] INFO  o.s.k.l.KafkaMessageListenerContainer - order-management-history-group: partitions revoked: [history-events-0]
2026-06-16 11:23:59.113 [org.springframework.kafka.KafkaListenerEndpointContainer#0-0-C-1] INFO  o.a.k.c.c.internals.ConsumerCoordinator - [Consumer clientId=consumer-order-management-history-group-1, groupId=order-management-history-group] Member consumer-order-management-history-group-1-c6527f1d-476d-4d16-a439-e4750e0a8e86 sending LeaveGroup request to coordinator kap-Latitude-5440:9092 (id: 2147483647 rack: null) due to the consumer unsubscribed from all topics
2026-06-16 11:23:59.113 [org.springframework.kafka.KafkaListenerEndpointContainer#0-0-C-1] INFO  o.a.k.c.c.internals.ConsumerCoordinator - [Consumer clientId=consumer-order-management-history-group-1, groupId=order-management-history-group] Resetting generation and member id due to: consumer pro-actively leaving the group
2026-06-16 11:23:59.113 [org.springframework.kafka.KafkaListenerEndpointContainer#0-0-C-1] INFO  o.a.k.c.c.internals.ConsumerCoordinator - [Consumer clientId=consumer-order-management-history-group-1, groupId=order-management-history-group] Request joining group due to: consumer pro-actively leaving the group
2026-06-16 11:23:59.113 [org.springframework.kafka.KafkaListenerEndpointContainer#0-0-C-1] INFO  o.a.k.c.c.internals.ClassicKafkaConsumer - [Consumer clientId=consumer-order-management-history-group-1, groupId=order-management-history-group] Unsubscribed all topics or patterns and assigned partitions
2026-06-16 11:23:59.114 [org.springframework.kafka.KafkaListenerEndpointContainer#0-0-C-1] INFO  o.a.k.c.c.internals.ConsumerCoordinator - [Consumer clientId=consumer-order-management-history-group-1, groupId=order-management-history-group] Resetting generation and member id due to: consumer pro-actively leaving the group
2026-06-16 11:23:59.114 [org.springframework.kafka.KafkaListenerEndpointContainer#0-0-C-1] INFO  o.a.k.c.c.internals.ConsumerCoordinator - [Consumer clientId=consumer-order-management-history-group-1, groupId=order-management-history-group] Request joining group due to: consumer pro-actively leaving the group
2026-06-16 11:23:59.441 [org.springframework.kafka.KafkaListenerEndpointContainer#0-0-C-1] INFO  org.apache.kafka.common.metrics.Metrics - Metrics scheduler closed
2026-06-16 11:23:59.441 [org.springframework.kafka.KafkaListenerEndpointContainer#0-0-C-1] INFO  org.apache.kafka.common.metrics.Metrics - Closing reporter org.apache.kafka.common.metrics.JmxReporter
2026-06-16 11:23:59.441 [org.springframework.kafka.KafkaListenerEndpointContainer#0-0-C-1] INFO  org.apache.kafka.common.metrics.Metrics - Closing reporter org.apache.kafka.common.telemetry.internals.ClientTelemetryReporter
2026-06-16 11:23:59.442 [org.springframework.kafka.KafkaListenerEndpointContainer#0-0-C-1] INFO  org.apache.kafka.common.metrics.Metrics - Metrics reporters closed
2026-06-16 11:23:59.451 [org.springframework.kafka.KafkaListenerEndpointContainer#0-0-C-1] INFO  o.a.kafka.common.utils.AppInfoParser - App info kafka.consumer for consumer-order-management-history-group-1 unregistered
2026-06-16 11:23:59.452 [org.springframework.kafka.KafkaListenerEndpointContainer#0-0-C-1] INFO  o.s.k.l.KafkaMessageListenerContainer - order-management-history-group: Consumer stopped
2026-06-16 11:23:59.453 [SpringApplicationShutdownHook] INFO  o.s.b.w.embedded.tomcat.GracefulShutdown - Commencing graceful shutdown. Waiting for active requests to complete
2026-06-16 11:23:59.456 [tomcat-shutdown] INFO  o.s.b.w.embedded.tomcat.GracefulShutdown - Graceful shutdown complete
2026-06-16 11:23:59.468 [SpringApplicationShutdownHook] INFO  com.zaxxer.hikari.HikariDataSource - OrderManagementPool - Shutdown initiated...
2026-06-16 11:23:59.474 [SpringApplicationShutdownHook] INFO  com.zaxxer.hikari.HikariDataSource - OrderManagementPool - Shutdown completed.
2026-06-16 11:24:03.984 [background-preinit] INFO  o.h.validator.internal.util.Version - HV000001: Hibernate Validator 8.0.3.Final
2026-06-16 11:24:04.008 [main] INFO  p.s.o.OrderManagementSystemApplication - Starting OrderManagementSystemApplication using Java 21.0.11 with PID 12778 (/home/samay.maheshwari/SPRINGBOOT/order-management-system/target/classes started by samay.maheshwari in /home/samay.maheshwari/SPRINGBOOT/order-management-system)
2026-06-16 11:24:04.008 [main] DEBUG p.s.o.OrderManagementSystemApplication - Running with Spring Boot v3.5.14, Spring v6.2.18
2026-06-16 11:24:04.008 [main] INFO  p.s.o.OrderManagementSystemApplication - No active profile set, falling back to 1 default profile: "default"
2026-06-16 11:24:04.430 [main] INFO  o.s.d.r.c.RepositoryConfigurationDelegate - Multiple Spring Data modules found, entering strict repository configuration mode
2026-06-16 11:24:04.432 [main] INFO  o.s.d.r.c.RepositoryConfigurationDelegate - Bootstrapping Spring Data Redis repositories in DEFAULT mode.
2026-06-16 11:24:04.452 [main] INFO  o.s.d.r.c.RepositoryConfigurationDelegate - Finished Spring Data repository scanning in 13 ms. Found 0 Redis repository interfaces.
2026-06-16 11:24:04.750 [main] INFO  o.s.b.w.embedded.tomcat.TomcatWebServer - Tomcat initialized with port 8080 (http)
2026-06-16 11:24:04.755 [main] INFO  o.apache.coyote.http11.Http11NioProtocol - Initializing ProtocolHandler ["http-nio-8080"]
2026-06-16 11:24:04.756 [main] INFO  o.apache.catalina.core.StandardService - Starting service [Tomcat]
2026-06-16 11:24:04.756 [main] INFO  org.apache.catalina.core.StandardEngine - Starting Servlet engine: [Apache Tomcat/10.1.54]
2026-06-16 11:24:04.778 [main] INFO  o.a.c.c.C.[Tomcat].[localhost].[/] - Initializing Spring embedded WebApplicationContext
2026-06-16 11:24:04.778 [main] INFO  o.s.b.w.s.c.ServletWebServerApplicationContext - Root WebApplicationContext: initialization completed in 753 ms
2026-06-16 11:24:04.966 [main] INFO  com.zaxxer.hikari.HikariDataSource - OrderManagementPool - Starting...
2026-06-16 11:24:05.044 [main] INFO  com.zaxxer.hikari.pool.HikariPool - OrderManagementPool - Added connection com.mysql.cj.jdbc.ConnectionImpl@71316cd7
2026-06-16 11:24:05.045 [main] INFO  com.zaxxer.hikari.HikariDataSource - OrderManagementPool - Start completed.
2026-06-16 11:24:05.072 [main] INFO  org.hibernate.Version - HHH000412: Hibernate ORM core version 6.6.49.Final
2026-06-16 11:24:05.090 [main] INFO  o.h.c.internal.RegionFactoryInitiator - HHH000026: Second-level cache disabled
2026-06-16 11:24:05.150 [main] WARN  org.hibernate.orm.deprecation - HHH90000025: MySQLDialect does not need to be specified explicitly using 'hibernate.dialect' (remove the property setting and it will be selected by default)
2026-06-16 11:24:05.157 [main] INFO  org.hibernate.orm.connections.pooling - HHH10001005: Database info:
	Database JDBC URL [Connecting through datasource 'HikariDataSource (OrderManagementPool)']
	Database driver: undefined/unknown
	Database version: 8.0.46
	Autocommit mode: undefined/unknown
	Isolation level: undefined/unknown
	Minimum pool size: undefined/unknown
	Maximum pool size: undefined/unknown
2026-06-16 11:24:05.160 [main] DEBUG o.h.t.descriptor.sql.spi.DdlTypeRegistry - addDescriptor(12, org.hibernate.type.descriptor.sql.internal.CapacityDependentDdlType@1ab85862) replaced previous registration(org.hibernate.type.descriptor.sql.internal.CapacityDependentDdlType@504c415c)
2026-06-16 11:24:05.160 [main] DEBUG o.h.t.descriptor.sql.spi.DdlTypeRegistry - addDescriptor(-9, org.hibernate.type.descriptor.sql.internal.CapacityDependentDdlType@6c9e74f3) replaced previous registration(org.hibernate.type.descriptor.sql.internal.CapacityDependentDdlType@813ab53)
2026-06-16 11:24:05.160 [main] DEBUG o.h.t.descriptor.sql.spi.DdlTypeRegistry - addDescriptor(-3, org.hibernate.type.descriptor.sql.internal.CapacityDependentDdlType@5030997b) replaced previous registration(org.hibernate.type.descriptor.sql.internal.CapacityDependentDdlType@62c47480)
2026-06-16 11:24:05.160 [main] DEBUG o.h.t.descriptor.sql.spi.DdlTypeRegistry - addDescriptor(4003, org.hibernate.type.descriptor.sql.internal.DdlTypeImpl@7de2bdc7) replaced previous registration(org.hibernate.type.descriptor.sql.internal.DdlTypeImpl@683ed81b)
2026-06-16 11:24:05.160 [main] DEBUG o.h.t.descriptor.sql.spi.DdlTypeRegistry - addDescriptor(4001, org.hibernate.type.descriptor.sql.internal.DdlTypeImpl@3c116f26) replaced previous registration(org.hibernate.type.descriptor.sql.internal.DdlTypeImpl@7db06c50)
2026-06-16 11:24:05.160 [main] DEBUG o.h.t.descriptor.sql.spi.DdlTypeRegistry - addDescriptor(4002, org.hibernate.type.descriptor.sql.internal.DdlTypeImpl@1554eaa4) replaced previous registration(org.hibernate.type.descriptor.sql.internal.DdlTypeImpl@b340615)
2026-06-16 11:24:05.160 [main] DEBUG o.h.t.descriptor.sql.spi.DdlTypeRegistry - addDescriptor(2004, org.hibernate.type.descriptor.sql.internal.CapacityDependentDdlType@3c6b300a) replaced previous registration(org.hibernate.type.descriptor.sql.internal.DdlTypeImpl@4247093b)
2026-06-16 11:24:05.160 [main] DEBUG o.h.t.descriptor.sql.spi.DdlTypeRegistry - addDescriptor(2005, org.hibernate.type.descriptor.sql.internal.CapacityDependentDdlType@7074da1d) replaced previous registration(org.hibernate.type.descriptor.sql.internal.DdlTypeImpl@5bdb6ea8)
2026-06-16 11:24:05.160 [main] DEBUG o.h.t.descriptor.sql.spi.DdlTypeRegistry - addDescriptor(2011, org.hibernate.type.descriptor.sql.internal.CapacityDependentDdlType@3e55eeb9) replaced previous registration(org.hibernate.type.descriptor.sql.internal.DdlTypeImpl@44a13699)
2026-06-16 11:24:05.630 [main] INFO  o.h.e.t.j.p.i.JtaPlatformInitiator - HHH000489: No JTA platform available (set 'hibernate.transaction.jta.platform' to enable JTA platform integration)
2026-06-16 11:24:05.651 [main] DEBUG org.hibernate.SQL - 
    alter table orders 
       modify column status enum ('CANCELLED','CONFIRMED','DELIVERED','PENDING','PROCESSING','SHIPPED') not null
2026-06-16 11:24:05.660 [main] DEBUG org.hibernate.SQL - 
    alter table payments 
       modify column payment_method enum ('CASH_ON_DELIVERY','CREDIT_CARD','DEBIT_CARD','NET_BANKING','UPI','WALLET') not null
2026-06-16 11:24:05.664 [main] DEBUG org.hibernate.SQL - 
    alter table payments 
       modify column status enum ('COMPLETED','FAILED','PENDING','REFUNDED') not null
2026-06-16 11:24:05.669 [main] DEBUG org.hibernate.SQL - 
    alter table shipments 
       modify column status enum ('DELIVERED','DISPATCHED','IN_TRANSIT','OUT_FOR_DELIVERY','PREPARING','RETURNED') not null
2026-06-16 11:24:05.673 [main] DEBUG org.hibernate.SQL - 
    alter table tracking_events 
       modify column status enum ('DELIVERED','DISPATCHED','IN_TRANSIT','OUT_FOR_DELIVERY','PREPARING','RETURNED')
2026-06-16 11:24:06.076 [main] INFO  o.apache.coyote.http11.Http11NioProtocol - Starting ProtocolHandler ["http-nio-8080"]
2026-06-16 11:24:06.082 [main] INFO  o.s.b.w.embedded.tomcat.TomcatWebServer - Tomcat started on port 8080 (http) with context path '/'
2026-06-16 11:24:06.101 [main] INFO  o.a.k.clients.consumer.ConsumerConfig - ConsumerConfig values: 
	allow.auto.create.topics = true
	auto.commit.interval.ms = 5000
	auto.include.jmx.reporter = true
	auto.offset.reset = earliest
	bootstrap.servers = [localhost:9092]
	check.crcs = true
	client.dns.lookup = use_all_dns_ips
	client.id = consumer-order-management-history-group-1
	client.rack = 
	connections.max.idle.ms = 540000
	default.api.timeout.ms = 60000
	enable.auto.commit = false
	enable.metrics.push = true
	exclude.internal.topics = true
	fetch.max.bytes = 52428800
	fetch.max.wait.ms = 500
	fetch.min.bytes = 1
	group.id = order-management-history-group
	group.instance.id = null
	group.protocol = classic
	group.remote.assignor = null
	heartbeat.interval.ms = 3000
	interceptor.classes = []
	internal.leave.group.on.close = true
	internal.throw.on.fetch.stable.offset.unsupported = false
	isolation.level = read_uncommitted
	key.deserializer = class org.apache.kafka.common.serialization.StringDeserializer
	max.partition.fetch.bytes = 1048576
	max.poll.interval.ms = 300000
	max.poll.records = 500
	metadata.max.age.ms = 300000
	metadata.recovery.strategy = none
	metric.reporters = []
	metrics.num.samples = 2
	metrics.recording.level = INFO
	metrics.sample.window.ms = 30000
	partition.assignment.strategy = [class org.apache.kafka.clients.consumer.RangeAssignor, class org.apache.kafka.clients.consumer.CooperativeStickyAssignor]
	receive.buffer.bytes = 65536
	reconnect.backoff.max.ms = 1000
	reconnect.backoff.ms = 50
	request.timeout.ms = 30000
	retry.backoff.max.ms = 1000
	retry.backoff.ms = 100
	sasl.client.callback.handler.class = null
	sasl.jaas.config = null
	sasl.kerberos.kinit.cmd = /usr/bin/kinit
	sasl.kerberos.min.time.before.relogin = 60000
	sasl.kerberos.service.name = null
	sasl.kerberos.ticket.renew.jitter = 0.05
	sasl.kerberos.ticket.renew.window.factor = 0.8
	sasl.login.callback.handler.class = null
	sasl.login.class = null
	sasl.login.connect.timeout.ms = null
	sasl.login.read.timeout.ms = null
	sasl.login.refresh.buffer.seconds = 300
	sasl.login.refresh.min.period.seconds = 60
	sasl.login.refresh.window.factor = 0.8
	sasl.login.refresh.window.jitter = 0.05
	sasl.login.retry.backoff.max.ms = 10000
	sasl.login.retry.backoff.ms = 100
	sasl.mechanism = GSSAPI
	sasl.oauthbearer.clock.skew.seconds = 30
	sasl.oauthbearer.expected.audience = null
	sasl.oauthbearer.expected.issuer = null
	sasl.oauthbearer.header.urlencode = false
	sasl.oauthbearer.jwks.endpoint.refresh.ms = 3600000
	sasl.oauthbearer.jwks.endpoint.retry.backoff.max.ms = 10000
	sasl.oauthbearer.jwks.endpoint.retry.backoff.ms = 100
	sasl.oauthbearer.jwks.endpoint.url = null
	sasl.oauthbearer.scope.claim.name = scope
	sasl.oauthbearer.sub.claim.name = sub
	sasl.oauthbearer.token.endpoint.url = null
	security.protocol = PLAINTEXT
	security.providers = null
	send.buffer.bytes = 131072
	session.timeout.ms = 45000
	socket.connection.setup.timeout.max.ms = 30000
	socket.connection.setup.timeout.ms = 10000
	ssl.cipher.suites = null
	ssl.enabled.protocols = [TLSv1.2, TLSv1.3]
	ssl.endpoint.identification.algorithm = https
	ssl.engine.factory.class = null
	ssl.key.password = null
	ssl.keymanager.algorithm = SunX509
	ssl.keystore.certificate.chain = null
	ssl.keystore.key = null
	ssl.keystore.location = null
	ssl.keystore.password = null
	ssl.keystore.type = JKS
	ssl.protocol = TLSv1.3
	ssl.provider = null
	ssl.secure.random.implementation = null
	ssl.trustmanager.algorithm = PKIX
	ssl.truststore.certificates = null
	ssl.truststore.location = null
	ssl.truststore.password = null
	ssl.truststore.type = JKS
	value.deserializer = class org.springframework.kafka.support.serializer.JsonDeserializer

2026-06-16 11:24:06.122 [main] INFO  o.a.k.c.t.i.KafkaMetricsCollector - initializing Kafka metrics collector
2026-06-16 11:24:06.164 [main] INFO  o.a.kafka.common.utils.AppInfoParser - Kafka version: 3.9.2
2026-06-16 11:24:06.165 [main] INFO  o.a.kafka.common.utils.AppInfoParser - Kafka commitId: 5e9866f43ab8e7e4
2026-06-16 11:24:06.165 [main] INFO  o.a.kafka.common.utils.AppInfoParser - Kafka startTimeMs: 1781589246164
2026-06-16 11:24:06.166 [main] INFO  o.a.k.c.c.internals.ClassicKafkaConsumer - [Consumer clientId=consumer-order-management-history-group-1, groupId=order-management-history-group] Subscribed to topic(s): history-events
2026-06-16 11:24:06.175 [main] INFO  p.s.o.OrderManagementSystemApplication - Started OrderManagementSystemApplication in 2.389 seconds (process running for 2.83)
2026-06-16 11:24:06.197 [main] INFO  p.s.o.config.DataSeeder - Checking inventory and seeding missing products...
2026-06-16 11:24:06.352 [main] DEBUG org.hibernate.SQL - 
    select
        count(i1_0.id) 
    from
        inventory i1_0 
    where
        i1_0.product_code=?
2026-06-16 11:24:06.364 [main] INFO  p.s.o.config.DataSeeder - Product already exists: PROD-001
2026-06-16 11:24:06.365 [main] DEBUG org.hibernate.SQL - 
    select
        count(i1_0.id) 
    from
        inventory i1_0 
    where
        i1_0.product_code=?
2026-06-16 11:24:06.366 [main] INFO  p.s.o.config.DataSeeder - Product already exists: PROD-002
2026-06-16 11:24:06.366 [main] DEBUG org.hibernate.SQL - 
    select
        count(i1_0.id) 
    from
        inventory i1_0 
    where
        i1_0.product_code=?
2026-06-16 11:24:06.367 [main] INFO  p.s.o.config.DataSeeder - Product already exists: PROD-003
2026-06-16 11:24:06.367 [main] DEBUG org.hibernate.SQL - 
    select
        count(i1_0.id) 
    from
        inventory i1_0 
    where
        i1_0.product_code=?
2026-06-16 11:24:06.368 [main] INFO  p.s.o.config.DataSeeder - Product already exists: PROD-004
2026-06-16 11:24:06.368 [main] DEBUG org.hibernate.SQL - 
    select
        count(i1_0.id) 
    from
        inventory i1_0 
    where
        i1_0.product_code=?
2026-06-16 11:24:06.368 [main] INFO  p.s.o.config.DataSeeder - Product already exists: PROD-005
2026-06-16 11:24:06.368 [main] INFO  p.s.o.config.DataSeeder - Inventory seeding completed.
2026-06-16 11:24:06.376 [org.springframework.kafka.KafkaListenerEndpointContainer#0-0-C-1] INFO  org.apache.kafka.clients.Metadata - [Consumer clientId=consumer-order-management-history-group-1, groupId=order-management-history-group] Cluster ID: m9ASqVK_SLGgKpvHAXS0qw
2026-06-16 11:24:06.377 [org.springframework.kafka.KafkaListenerEndpointContainer#0-0-C-1] INFO  o.a.k.c.c.internals.ConsumerCoordinator - [Consumer clientId=consumer-order-management-history-group-1, groupId=order-management-history-group] Discovered group coordinator kap-Latitude-5440:9092 (id: 2147483647 rack: null)
2026-06-16 11:24:06.379 [org.springframework.kafka.KafkaListenerEndpointContainer#0-0-C-1] INFO  o.a.k.c.c.internals.ConsumerCoordinator - [Consumer clientId=consumer-order-management-history-group-1, groupId=order-management-history-group] (Re-)joining group
2026-06-16 11:24:06.388 [org.springframework.kafka.KafkaListenerEndpointContainer#0-0-C-1] INFO  o.a.k.c.c.internals.ConsumerCoordinator - [Consumer clientId=consumer-order-management-history-group-1, groupId=order-management-history-group] Request joining group due to: need to re-join with the given member-id: consumer-order-management-history-group-1-bd61f91c-9387-429e-a23a-057de3d58a88
2026-06-16 11:24:06.388 [org.springframework.kafka.KafkaListenerEndpointContainer#0-0-C-1] INFO  o.a.k.c.c.internals.ConsumerCoordinator - [Consumer clientId=consumer-order-management-history-group-1, groupId=order-management-history-group] (Re-)joining group
2026-06-16 11:24:06.391 [org.springframework.kafka.KafkaListenerEndpointContainer#0-0-C-1] INFO  o.a.k.c.c.internals.ConsumerCoordinator - [Consumer clientId=consumer-order-management-history-group-1, groupId=order-management-history-group] Successfully joined group with generation Generation{generationId=5, memberId='consumer-order-management-history-group-1-bd61f91c-9387-429e-a23a-057de3d58a88', protocol='range'}
2026-06-16 11:24:06.395 [org.springframework.kafka.KafkaListenerEndpointContainer#0-0-C-1] INFO  o.a.k.c.c.internals.ConsumerCoordinator - [Consumer clientId=consumer-order-management-history-group-1, groupId=order-management-history-group] Finished assignment for group at generation 5: {consumer-order-management-history-group-1-bd61f91c-9387-429e-a23a-057de3d58a88=Assignment(partitions=[history-events-0])}
2026-06-16 11:24:06.400 [org.springframework.kafka.KafkaListenerEndpointContainer#0-0-C-1] INFO  o.a.k.c.c.internals.ConsumerCoordinator - [Consumer clientId=consumer-order-management-history-group-1, groupId=order-management-history-group] Successfully synced group in generation Generation{generationId=5, memberId='consumer-order-management-history-group-1-bd61f91c-9387-429e-a23a-057de3d58a88', protocol='range'}
2026-06-16 11:24:06.400 [org.springframework.kafka.KafkaListenerEndpointContainer#0-0-C-1] INFO  o.a.k.c.c.internals.ConsumerCoordinator - [Consumer clientId=consumer-order-management-history-group-1, groupId=order-management-history-group] Notifying assignor about the new Assignment(partitions=[history-events-0])
2026-06-16 11:24:06.401 [org.springframework.kafka.KafkaListenerEndpointContainer#0-0-C-1] INFO  o.a.k.c.c.i.ConsumerRebalanceListenerInvoker - [Consumer clientId=consumer-order-management-history-group-1, groupId=order-management-history-group] Adding newly assigned partitions: history-events-0
2026-06-16 11:24:06.406 [org.springframework.kafka.KafkaListenerEndpointContainer#0-0-C-1] INFO  o.a.k.c.consumer.internals.ConsumerUtils - Setting offset for partition history-events-0 to the committed offset FetchPosition{offset=2, offsetEpoch=Optional.empty, currentLeader=LeaderAndEpoch{leader=Optional[kap-Latitude-5440:9092 (id: 0 rack: null)], epoch=0}}
2026-06-16 11:24:06.407 [org.springframework.kafka.KafkaListenerEndpointContainer#0-0-C-1] INFO  o.s.k.l.KafkaMessageListenerContainer - order-management-history-group: partitions assigned: [history-events-0]
2026-06-16 11:24:10.851 [http-nio-8080-exec-1] INFO  o.a.c.c.C.[Tomcat].[localhost].[/] - Initializing Spring DispatcherServlet 'dispatcherServlet'
2026-06-16 11:24:10.851 [http-nio-8080-exec-1] INFO  o.s.web.servlet.DispatcherServlet - Initializing Servlet 'dispatcherServlet'
2026-06-16 11:24:10.852 [http-nio-8080-exec-1] INFO  o.s.web.servlet.DispatcherServlet - Completed initialization in 1 ms
2026-06-16 11:24:11.744 [http-nio-8080-exec-4] INFO  o.springdoc.api.AbstractOpenApiResource - Init duration for springdoc-openapi is: 275 ms
2026-06-16 11:24:30.250 [http-nio-8080-exec-5] DEBUG p.s.o.controller.ShipmentController - GET /api/v1/shipments
2026-06-16 11:24:30.252 [http-nio-8080-exec-5] DEBUG p.s.o.service.ShipmentServiceImpl - Fetching all shipments
2026-06-16 11:24:30.253 [http-nio-8080-exec-5] DEBUG p.s.o.dao.ShipmentDaoImpl - DAO: Fetching all shipments
2026-06-16 11:24:30.257 [http-nio-8080-exec-5] DEBUG org.hibernate.SQL - 
    select
        s1_0.id,
        s1_0.carrier,
        s1_0.created_at,
        s1_0.delivered_at,
        s1_0.estimated_delivery,
        s1_0.order_id,
        s1_0.shipped_at,
        s1_0.shipping_address,
        s1_0.status,
        s1_0.tracking_number,
        s1_0.updated_at,
        s1_0.weight 
    from
        shipments s1_0 
    order by
        s1_0.created_at desc
2026-06-16 11:24:30.269 [http-nio-8080-exec-5] DEBUG org.hibernate.SQL - 
    select
        o1_0.id,
        o1_0.created_at,
        o1_0.customer_email,
        o1_0.customer_name,
        o1_0.customer_phone,
        o1_0.notes,
        o1_0.order_number,
        o1_0.product_code,
        o1_0.product_name,
        o1_0.quantity,
        o1_0.shipping_address,
        o1_0.status,
        o1_0.total_amount,
        o1_0.unit_price,
        o1_0.updated_at 
    from
        orders o1_0 
    where
        o1_0.id=?
